{
  "RSpec": {
    "coverage": {
      "/csce431/Land-502/app/models/admin_panel.rb": {
        "lines": [
          1,
          1,
          1,
          null,
          null
        ]
      },
      "/csce431/Land-502/app/helpers/admin_panel/dashboard_helper.rb": {
        "lines": [
          1,
          1,
          null,
          null
        ]
      },
      "/csce431/Land-502/app/helpers/admin_panel/events_helper.rb": {
        "lines": [
          1,
          1,
          null,
          null
        ]
      },
      "/csce431/Land-502/app/helpers/admin_panel/logo_placements_helper.rb": {
        "lines": [
          1,
          1,
          null,
          null
        ]
      },
      "/csce431/Land-502/app/helpers/admin_panel/sponsors_helper.rb": {
        "lines": [
          1,
          1,
          null,
          null
        ]
      },
      "/csce431/Land-502/app/helpers/application_helper.rb": {
        "lines": [
          1,
          null
        ]
      },
      "/csce431/Land-502/app/helpers/resumes_helper.rb": {
        "lines": [
          1,
          null
        ]
      },
      "/csce431/Land-502/app/helpers/role_applications_helper.rb": {
        "lines": [
          1,
          1,
          null,
          16,
          null,
          null,
          null,
          null,
          null,
          16,
          16,
          null,
          16,
          null,
          null
        ]
      },
      "/csce431/Land-502/app/helpers/sponsor_dashboard_helper.rb": {
        "lines": [
          1,
          null
        ]
      },
      "/csce431/Land-502/app/helpers/users_helper.rb": {
        "lines": [
          1,
          null
        ]
      },
      "/csce431/Land-502/app/controllers/admins/sessions_controller.rb": {
        "lines": [
          1,
          1,
          1,
          null,
          null,
          1,
          2,
          null,
          null
        ]
      },
      "/csce431/Land-502/app/controllers/application_controller.rb": {
        "lines": [
          1,
          1,
          null,
          1,
          38,
          null,
          null,
          1,
          null,
          null,
          null,
          1,
          29,
          null,
          5,
          5,
          null,
          null,
          1,
          4,
          3,
          null,
          null,
          null,
          null,
          null,
          null,
          null,
          2,
          2,
          2,
          null,
          null,
          null,
          null,
          1,
          141,
          null,
          null,
          1,
          49,
          null,
          null,
          1,
          11,
          null,
          null
        ]
      },
      "/csce431/Land-502/app/controllers/concerns/resume_authorization.rb": {
        "lines": [
          null,
          null,
          1,
          1,
          null,
          1,
          null,
          1,
          25,
          null,
          24,
          null,
          null,
          null,
          1,
          5,
          1,
          1,
          null,
          null,
          4,
          null,
          1,
          null,
          null,
          null,
          1,
          6,
          1,
          1,
          null,
          null,
          5,
          0,
          0,
          null,
          null,
          null,
          5,
          null,
          null,
          2,
          null,
          1,
          null,
          null
        ]
      },
      "/csce431/Land-502/app/controllers/concerns/resume_validations.rb": {
        "lines": [
          null,
          null,
          1,
          1,
          null,
          1,
          null,
          1,
          3,
          1,
          1,
          null,
          null,
          2,
          1,
          1,
          null,
          null,
          1,
          null,
          null,
          1,
          7,
          2,
          2,
          null,
          null,
          5,
          1,
          1,
          null,
          null,
          4,
          null,
          null
        ]
      },
      "/csce431/Land-502/app/models/admin_panel/logo_placement.rb": {
        "lines": [
          1,
          1,
          1,
          null,
          null
        ]
      },
      "/csce431/Land-502/app/models/application_record.rb": {
        "lines": [
          1,
          1,
          null
        ]
      },
      "/csce431/Land-502/app/models/admin.rb": {
        "lines": [
          1,
          null,
          null,
          1,
          null,
          1,
          18,
          null,
          null
        ]
      },
      "/csce431/Land-502/app/models/event.rb": {
        "lines": [
          1,
          1,
          1,
          1,
          1,
          null,
          1,
          null,
          17,
          5,
          11,
          null,
          1,
          32,
          null,
          null,
          1,
          7,
          null,
          null,
          1,
          null,
          1,
          69,
          null,
          1,
          null,
          null
        ]
      },
      "/csce431/Land-502/app/models/organizational_role.rb": {
        "lines": [
          1,
          1,
          1,
          null,
          1,
          null
        ]
      },
      "/csce431/Land-502/app/models/resume.rb": {
        "lines": [
          1,
          1,
          1,
          null,
          1,
          1,
          null,
          null,
          1,
          null,
          null,
          null,
          29,
          null,
          null,
          1,
          1,
          null,
          1,
          null,
          1,
          null,
          1,
          95,
          null,
          92,
          null,
          92,
          null,
          1,
          null,
          null
        ]
      },
      "/csce431/Land-502/app/models/role_application.rb": {
        "lines": [
          1,
          1,
          1,
          null,
          1,
          null,
          null,
          null,
          null,
          null,
          null,
          1,
          1,
          1,
          null,
          1,
          null,
          1,
          57,
          null,
          3,
          null,
          null
        ]
      },
      "/csce431/Land-502/app/models/sponsor.rb": {
        "lines": [
          1,
          1,
          1,
          1,
          1,
          null
        ]
      },
      "/csce431/Land-502/app/models/sponsor_user_join.rb": {
        "lines": [
          1,
          1,
          1,
          null,
          1,
          null,
          1,
          null,
          1,
          2,
          null,
          null
        ]
      },
      "/csce431/Land-502/app/models/user.rb": {
        "lines": [
          1,
          1,
          1,
          1,
          1,
          1,
          1,
          1,
          null,
          1,
          1,
          null
        ]
      },
      "/csce431/Land-502/app/controllers/admin_panel/attendance_links_controller.rb": {
        "lines": [
          1,
          1,
          1,
          2,
          null,
          null,
          1,
          4,
          2,
          2,
          null,
          2,
          null,
          null,
          null
        ]
      },
      "/csce431/Land-502/app/controllers/admin_panel/base_controller.rb": {
        "lines": [
          1,
          1,
          1,
          null,
          null
        ]
      },
      "/csce431/Land-502/app/controllers/admin_panel/role_applications_controller.rb": {
        "lines": [
          1,
          1,
          1,
          null,
          1,
          7,
          null,
          null,
          7,
          7,
          3,
          null,
          null,
          7,
          null,
          null,
          1,
          null,
          null,
          null,
          1,
          3,
          2,
          null,
          1,
          null,
          null,
          null,
          1,
          1,
          1,
          null,
          null,
          1,
          null,
          1,
          8,
          null,
          null,
          null
        ]
      },
      "/csce431/Land-502/app/controllers/admin_panel/sponsors_controller.rb": {
        "lines": [
          1,
          1,
          1,
          null,
          1,
          2,
          null,
          null,
          1,
          null,
          1,
          2,
          null,
          null,
          1,
          null,
          1,
          2,
          2,
          1,
          null,
          1,
          null,
          null,
          null,
          1,
          2,
          1,
          null,
          1,
          null,
          null,
          null,
          1,
          1,
          1,
          null,
          null,
          1,
          null,
          1,
          7,
          null,
          null,
          1,
          4,
          null,
          null,
          null
        ]
      },
      "/csce431/Land-502/app/controllers/home_controller.rb": {
        "lines": [
          1,
          1,
          null,
          1,
          null,
          3,
          null,
          1,
          null,
          null,
          1,
          null,
          9,
          1,
          1,
          null,
          null,
          null,
          8,
          8,
          null,
          null,
          1,
          null,
          6,
          null,
          6,
          null,
          null,
          1,
          null,
          1,
          24,
          null,
          24,
          null,
          null
        ]
      },
      "/csce431/Land-502/app/controllers/admin_panel/logo_placements_controller.rb": {
        "lines": [
          1,
          1,
          1,
          1,
          null,
          1,
          null,
          1,
          0,
          null,
          null,
          1,
          null,
          1,
          0,
          null,
          0,
          0,
          null,
          null,
          0,
          null,
          null,
          null,
          1,
          0,
          0,
          null,
          null,
          0,
          null,
          null,
          null,
          1,
          0,
          0,
          null,
          null,
          null,
          1,
          null,
          1,
          0,
          null,
          null,
          1,
          0,
          null,
          null,
          1,
          0,
          null,
          null,
          null
        ]
      },
      "/csce431/Land-502/app/controllers/resumes_controller.rb": {
        "lines": [
          1,
          1,
          1,
          1,
          1,
          null,
          null,
          1,
          null,
          null,
          1,
          null,
          1,
          1,
          1,
          null,
          1,
          1,
          1,
          null,
          null,
          1,
          null,
          1,
          2,
          null,
          2,
          1,
          null,
          1,
          null,
          null,
          null,
          1,
          3,
          3,
          null,
          null,
          3,
          null,
          1,
          null,
          null,
          1,
          4,
          null,
          4,
          4,
          null,
          null,
          1,
          3,
          null,
          3,
          3,
          null,
          null,
          1,
          null,
          3,
          1,
          1,
          null,
          null,
          2,
          2,
          null,
          null,
          1,
          null,
          1,
          18,
          null,
          null,
          1,
          11,
          3,
          3,
          null,
          8,
          8,
          null,
          null,
          11,
          null,
          1,
          null,
          null,
          1,
          4,
          null,
          null,
          1,
          4,
          0,
          0,
          null,
          null,
          4,
          0,
          0,
          null,
          null,
          4,
          null,
          null
        ]
      },
      "/csce431/Land-502/app/controllers/concerns/resume_filtering.rb": {
        "lines": [
          null,
          null,
          1,
          1,
          null,
          1,
          null,
          1,
          1,
          1,
          null,
          null,
          1,
          null,
          1,
          null,
          null,
          null,
          null,
          null,
          null,
          null,
          null,
          null,
          1,
          1,
          1,
          1,
          null,
          null
        ]
      },
      "/csce431/Land-502/app/controllers/concerns/resume_helpers.rb": {
        "lines": [
          1,
          1,
          null,
          1,
          null,
          1,
          4,
          0,
          4,
          0,
          0,
          null,
          4,
          null,
          null,
          null,
          1,
          4,
          4,
          4,
          null,
          null,
          1,
          4,
          2,
          2,
          null,
          2,
          2,
          null,
          null,
          null,
          1,
          3,
          3,
          2,
          null,
          1,
          null,
          null,
          null,
          1,
          2,
          0,
          0,
          null,
          2,
          2,
          null,
          null,
          null
        ]
      },
      "/csce431/Land-502/app/controllers/role_applications_controller.rb": {
        "lines": [
          1,
          1,
          1,
          1,
          1,
          1,
          1,
          null,
          null,
          1,
          null,
          0,
          null,
          null,
          null,
          1,
          null,
          null,
          1,
          1,
          null,
          null,
          null,
          1,
          null,
          null,
          1,
          6,
          null,
          6,
          6,
          3,
          2,
          null,
          null,
          null,
          4,
          null,
          3,
          5,
          4,
          null,
          null,
          null,
          null,
          null,
          1,
          5,
          5,
          3,
          2,
          null,
          null,
          4,
          null,
          2,
          3,
          3,
          null,
          null,
          null,
          null,
          1,
          null,
          null,
          1,
          18,
          null,
          null,
          1,
          null,
          1,
          null,
          null,
          null,
          1,
          9,
          null,
          1,
          null,
          null,
          null,
          1,
          8,
          null,
          1,
          null,
          null,
          null,
          null,
          1,
          7,
          null,
          null,
          1,
          0,
          0,
          0,
          0,
          null,
          null,
          1,
          null,
          null,
          1,
          11,
          null,
          null,
          1,
          11,
          0,
          0,
          0,
          null,
          null,
          null,
          11,
          null,
          null,
          10,
          null,
          3,
          null,
          null,
          null,
          1,
          11,
          null,
          null
        ]
      },
      "/csce431/Land-502/app/controllers/admins/omniauth_callbacks_controller.rb": {
        "lines": [
          1,
          1,
          16,
          null,
          null,
          16,
          null,
          null,
          16,
          null,
          null,
          16,
          3,
          null,
          null,
          3,
          3,
          3,
          null,
          null,
          null,
          3,
          1,
          1,
          null,
          null,
          null,
          2,
          null,
          13,
          null,
          13,
          13,
          13,
          null,
          null,
          0,
          null,
          0,
          null,
          null,
          null,
          1,
          null,
          1,
          0,
          null,
          null,
          1,
          13,
          null,
          null,
          1,
          null,
          1,
          16,
          null,
          null,
          null,
          null,
          null,
          null,
          null,
          1,
          134,
          null,
          null,
          1,
          null,
          16,
          16,
          16,
          null,
          16,
          11,
          11,
          11,
          11,
          11,
          null,
          null,
          null,
          16,
          null,
          16,
          null,
          null
        ]
      },
      "/csce431/Land-502/app/models/organizational_role_user.rb": {
        "lines": [
          1,
          1,
          1,
          null,
          1,
          null
        ]
      },
      "/csce431/Land-502/app/controllers/admin_panel/dashboard_controller.rb": {
        "lines": [
          1,
          1,
          1,
          1,
          1,
          1,
          1,
          null,
          1,
          null,
          null,
          1,
          2,
          null,
          null,
          null
        ]
      },
      "/csce431/Land-502/app/models/event_rsvp.rb": {
        "lines": [
          1,
          1,
          null,
          1,
          1,
          null,
          1,
          null
        ]
      },
      "/csce431/Land-502/app/models/attendance.rb": {
        "lines": [
          1,
          1,
          1,
          null,
          1,
          null
        ]
      },
      "/csce431/Land-502/app/controllers/admin_panel/events_controller.rb": {
        "lines": [
          1,
          1,
          1,
          null,
          1,
          2,
          2,
          null,
          null,
          1,
          3,
          3,
          null,
          null,
          1,
          1,
          null,
          null,
          1,
          null,
          1,
          2,
          null,
          2,
          1,
          null,
          1,
          null,
          null,
          null,
          1,
          2,
          1,
          null,
          1,
          null,
          null,
          null,
          1,
          1,
          1,
          null,
          null,
          1,
          null,
          1,
          7,
          null,
          null,
          1,
          4,
          null,
          null,
          1,
          3,
          3,
          null,
          3,
          3,
          3,
          3,
          null,
          null,
          1,
          3,
          3,
          3,
          null,
          null,
          null
        ]
      },
      "/csce431/Land-502/app/controllers/admin_panel/organizational_roles_controller.rb": {
        "lines": [
          1,
          1,
          1,
          null,
          null,
          1,
          0,
          null,
          null,
          null,
          1,
          null,
          null,
          1,
          0,
          null,
          null,
          null,
          1,
          null,
          null,
          1,
          3,
          null,
          3,
          3,
          1,
          null,
          2,
          null,
          null,
          null,
          null,
          null,
          1,
          3,
          3,
          2,
          1,
          null,
          null,
          2,
          1,
          null,
          null,
          1,
          2,
          null,
          null,
          null,
          null,
          null,
          1,
          1,
          null,
          1,
          1,
          1,
          null,
          null,
          1,
          null,
          null,
          null,
          1,
          null,
          1,
          4,
          null,
          null,
          1,
          6,
          null,
          null,
          1,
          1,
          1,
          null,
          null,
          1,
          null,
          null,
          1,
          4,
          2,
          null,
          null,
          1,
          2,
          0,
          null,
          2,
          null,
          null,
          null,
          null
        ]
      },
      "/csce431/Land-502/app/controllers/users_controller.rb": {
        "lines": [
          1,
          1,
          1,
          1,
          null,
          null,
          1,
          9,
          null,
          null,
          9,
          3,
          null,
          null,
          null,
          null,
          9,
          null,
          null,
          null,
          1,
          null,
          null,
          1,
          null,
          null,
          1,
          7,
          null,
          5,
          null,
          null,
          null,
          1,
          2,
          null,
          2,
          3,
          3,
          null,
          null,
          null,
          1,
          null,
          null,
          1,
          14,
          null,
          null,
          null,
          1,
          10,
          null,
          null,
          1,
          5,
          null,
          null,
          2,
          null,
          1,
          1,
          null,
          null,
          1,
          7,
          null,
          null,
          1,
          7,
          null,
          2,
          2,
          1,
          1,
          null,
          2,
          1,
          null,
          null,
          2,
          null,
          null,
          1,
          7,
          null,
          null,
          1,
          5,
          5,
          8,
          7,
          null,
          0,
          0,
          null,
          null,
          null,
          null
        ]
      },
      "/csce431/Land-502/app/controllers/sponsor_dashboard_controller.rb": {
        "lines": [
          1,
          1,
          null,
          1,
          null
        ]
      },
      "/csce431/Land-502/app/controllers/checkins_controller.rb": {
        "lines": [
          1,
          1,
          null,
          1,
          1,
          null,
          1,
          null,
          null,
          1,
          7,
          null,
          6,
          6,
          null,
          4,
          1,
          1,
          null,
          null,
          3,
          null,
          3,
          null,
          1,
          null,
          null,
          1,
          null,
          1,
          7,
          null,
          null,
          1,
          6,
          1,
          1,
          null,
          null,
          5,
          5,
          1,
          1,
          null,
          null,
          4,
          null,
          null,
          1,
          3,
          3,
          3,
          null,
          null,
          null,
          1,
          3,
          3,
          null,
          null
        ]
      },
      "/csce431/Land-502/app/controllers/event_rsvps_controller.rb": {
        "lines": [
          1,
          1,
          1,
          1,
          null,
          1,
          1,
          1,
          null,
          null,
          1,
          1,
          1,
          null,
          null,
          1,
          null,
          1,
          4,
          null,
          1,
          null,
          null,
          1,
          3,
          null,
          null,
          1,
          2,
          2,
          2,
          2,
          null,
          null,
          1,
          3,
          null,
          1,
          null,
          null
        ]
      },
      "/csce431/Land-502/app/controllers/events_controller.rb": {
        "lines": [
          1,
          1,
          2,
          null,
          null,
          1,
          3,
          2,
          2,
          2,
          2,
          2,
          null,
          null
        ]
      },
      "/csce431/Land-502/app/services/resumes/index_query.rb": {
        "lines": [
          1,
          1,
          1,
          1,
          null,
          null,
          1,
          1,
          1,
          1,
          null,
          null,
          1,
          1,
          1,
          1,
          null,
          null,
          1,
          null,
          1,
          null,
          1,
          1,
          1,
          null,
          null,
          1,
          1,
          1,
          1,
          null,
          null,
          1,
          1,
          null,
          0,
          null,
          null,
          1,
          1,
          null,
          0,
          null,
          null,
          1,
          1,
          null,
          0,
          null,
          null,
          1,
          1,
          null,
          0,
          null,
          0,
          null,
          0,
          null,
          0,
          null,
          null,
          null,
          1,
          1,
          null,
          0,
          null,
          0,
          null,
          1,
          null,
          null,
          null,
          null
        ]
      },
      "/csce431/Land-502/app/services/resumes/updater.rb": {
        "lines": [
          1,
          1,
          1,
          null,
          1,
          3,
          3,
          3,
          null,
          null,
          1,
          3,
          null,
          3,
          null,
          3,
          0,
          null,
          3,
          null,
          null,
          null,
          1,
          null,
          1,
          3,
          null,
          null,
          1,
          0,
          0,
          null,
          null,
          1,
          3,
          null,
          2,
          null,
          null,
          1,
          3,
          null,
          null,
          1,
          0,
          0,
          null,
          0,
          null,
          null,
          null,
          1,
          3,
          2,
          null,
          1,
          null,
          null,
          null,
          1,
          3,
          null,
          null,
          1,
          2,
          null,
          null,
          1,
          1,
          null,
          null,
          null
        ]
      },
      "/csce431/Land-502/app/jobs/application_job.rb": {
        "lines": [
          0,
          null,
          null,
          null,
          null,
          null,
          0
        ],
        "branches": {}
      },
      "/csce431/Land-502/app/mailers/application_mailer.rb": {
        "lines": [
          0,
          0,
          0,
          0
        ],
        "branches": {}
      },
      "/csce431/Land-502/app/models/image.rb": {
        "lines": [
          0,
          0
        ],
        "branches": {}
      },
      "/csce431/Land-502/app/models/message.rb": {
        "lines": [
          0,
          0
        ],
        "branches": {}
      },
      "/csce431/Land-502/app/models/payment.rb": {
        "lines": [
          0,
          0
        ],
        "branches": {}
      },
      "/csce431/Land-502/app/models/translation.rb": {
        "lines": [
          0,
          0
        ],
        "branches": {}
      }
    },
    "timestamp": 1761249280
  }
}
